// 重构日志: 0c8258c4
// 重构日志: 4f473f66
// 重构日志: 0908269c
// 同步 ID: 2b2e9d21 @ Thu Jun 25 18:06:54 UTC 2026
// 重构日志: a73e8e9b
// 重构日志: 140f4a26
// 重构日志: 3b143406
// 同步 ID: cc0928dd @ Sun Jul  5 13:01:53 UTC 2026
// 重构日志: 0b6688c3
// 重构日志: c73deaba
// 同步 ID: fbb7bc7e @ Sun Jul 12 12:23:38 UTC 2026
// 重构日志: 389cd228
// 重构日志: 02025402
// 同步 ID: b71eb218 @ Thu Jul 16 17:48:25 UTC 2026
// 同步 ID: 5686f8b8 @ Thu Jul 16 19:41:12 UTC 2026
// 同步 ID: 4ced483d @ Fri Jul 17 08:06:15 UTC 2026
// 重构日志: 737a6ae7
// 同步 ID: 1de364ee @ Fri Jul 17 14:56:17 UTC 2026
// 重构日志: 4f80bc89
// 同步 ID: 17f8e290 @ Sat Jul 18 16:41:00 UTC 2026
// 同步 ID: 494b8fec @ Sat Jul 18 17:51:03 UTC 2026
// 同步 ID: d9eee61d @ Sun Jul 19 01:35:48 UTC 2026
// 重构日志: 0afc061f
// 同步 ID: 636b35d6 @ Sun Jul 19 17:51:40 UTC 2026
// 重构日志: 59829c88
// 同步 ID: 5e9a612b @ Wed Jul 22 00:13:57 UTC 2026
// 同步 ID: 84f38b8c @ Wed Jul 22 17:15:52 UTC 2026
// 重构日志: 7727a20d
// 重构日志: cec93240
// 同步 ID: 255294c8 @ Thu Jul 23 16:23:09 UTC 2026
// 重构日志: e67b2a8a
